[92320:97472:2023-4-25 14:44:39.279] Main Start
[92320:97472:2023-4-25 14:44:39.279] Command line:"C:\Users\Aluno\Downloads\Zoom_cm_fo42anktZ9vvrZo4_mUoAjZAg2mK2tSSpxnkDbDAizSzy1Oz5dGpN3@C3b52ngQNFSQe9P6_k5b1458acffea870f_.exe"  Instance:0xC90000 Show State:1
[92320:97472:2023-4-25 14:44:39.327] C:\
[92320:82888:2023-4-25 14:44:39.332] [process_requst] start, url:https://us02web.zoom.us/conf/launch
[92320:82888:2023-4-25 14:44:40.62] [req_state_read_status_code] zHttpQueryInfo complete, status:200
[92320:82888:2023-4-25 14:44:40.62] [req_state_read_status_code] zHttpQueryInfo complete, status:200 Error: 0
[92320:82888:2023-4-25 14:44:40.64] [read_response_content] API call zHttpQueryInfo failed, error: 12150
[92320:82888:2023-4-25 14:44:40.65] [log_response_content] Content length (1048576 as unknown):1048576 , Total read: 1669 , Error No: 0 , Status code: 200
[92320:82888:2023-4-25 14:44:40.65] [log_response_content] header:
[92320:82888:2023-4-25 14:44:40.65] HTTP/1.1 200 OK
Date: Tue, 25 Apr 2023 17:44:37 GMT
Content-Type: text/plain;charset=utf-8
Transfer-Encoding: chunked
Connection: keep-alive
x-zm-trackingid: v=2.0;clid=us02;rid=WEB_0eb4001e343e01da8a86c4c7dd51da88
x-content-type-options: nosniff
content-security-policy: upgrade-insecure-requests; default-src https://*.zoom.us https://zoom.us blob: 'self'; img-src https: about: blob: data: 'self'; style-src https: safari-extension: chrome-extension: 'unsafe-inline' data: 'self'; font-src https: safari-extension: chrome-extension: blob: data: 'self'; connect-src * about: blob: data: 'self'; media-src * rtmp: blob: data: 'self'; frame-src https: ms-appx-web: zoommtg: zoomus: wvjbscheme: data: blob: 'self'; object-src 'none'; base-uri 'none';
x-frame-options: SAMEORIGIN
set-cookie: zm_aid=""; Domain=.zoom.us; Expires=Thu, 01-Jan-1970 00:00:10 GMT; Path=/; Secure; HttpOnly
x-zm-zoneid: VA
strict-transport-security: max-age=31536000; includeSubDomains
x-xss-protection: 1; mode=block
referrer-policy: strict-origin-when-cross-origin
CF-Cache-Status: DYNAMIC
Set-Cookie: zm_haid=""; Domain=.zoom.us; Expires=Thu, 01-Jan-1970 00:00:10 GMT; Path=/; Secure; HttpOnly
Set-Cookie: zm_tmaid=""; Domain=.zoom.us; Expires=Thu, 01-Jan-1970 00:00:10 GMT; Path=/; Secure; HttpOnly
Set-Cookie: zm_htmaid=""; Domain=.zoom.us; Expires=Thu, 01-Jan-1970 00:00:10 GMT; Path=/; Secure; HttpOnly
Set-Cookie: cred=5DAB7CF0FCEB5D9353C6204CBB678A32; Path=/; Secure; HttpOnly
Set-Cookie: _zm_page_auth=us02_c_NWozwhJJSCKmonYd1JN1ig; Domain=.zoom.us; Path=/; Secure; HttpOnly
Set-Cookie: _zm_ssid=us02_c_67Zl21j9SVeAvySjlIFCFg; Domain=.zoom.us; Path=/; Secure; HttpOnly
Set-Cookie: _zm_ctaid=zMn9hN2_Rw-oVv7ZUercbQ.1682444677622.c9f1c62a5e85da38dbde29e038a5d6a0; Domain=.zoom.us; Expires=Tue, 25-Apr-2023 19:44:37 GMT; Path=/; Secure; HttpOnly
Set-Cookie: _zm_chtaid=675; Domain=.zoom.us; Expires=Tue, 25-Apr-2023 19:44:37 GMT; Path=/; Secure; HttpOnly
Set-Cookie: _zm_mtk_guid=9753b0f7325f402ba47f14b40d84ac67; Domain=.zoom.us; Expires=Thu, 24-Apr-2025 17:44:37 GMT; Path=/; Secure
Set-Cookie: TS01f92dc5=01377c1b734abd58f28cd85d1b5f708c78d77bdefe223b88d86d2267a2adfab87317e649fdbc332ec448adf3363781deabefc9ee1f; Path=/; Secure; HttpOnly; SameSite=Strict;
Set-Cookie: TS018dd1ba=01377c1b734abd58f28cd85d1b5f708c78d77bdefe223b88d86d2267a2adfab87317e649fdbc332ec448adf3363781deabefc9ee1f; path=/; domain=.zoom.us
Set-Cookie: __cf_bm=C7.D4Nr1iR2tMWBi4JYu.dKDLbfQjgt3ySoh5X3baFs-1682444677-0-ARxKGUTjApAo7m+S84G4HE308QTV/g5Br9FNsPSekQ4smDVXoBfzZaCR0+0IJJL9uRtKIsXlxGm57Czkm5k+ePs=; path=/; expires=Tue, 25-Apr-23 18:14:37 GMT; domain=.us02web.zoom.us; HttpOnly; Secure; SameSite=None
Server: cloudflare
CF-RAY: 7bd865224844a696-GRU
alt-svc: h3=":443"; ma=86400, h3-29=":443"; ma=86400


[92320:82888:2023-4-25 14:44:40.65] [process_requst] End for url:https://us02web.zoom.us/conf/launch, return code:200, Error:0, Response content size:1669
[92320:97472:2023-4-25 14:44:40.143] [client_has_installed_app] found path:
[92320:97472:2023-4-25 14:44:40.143]  ***NULL-POINTER-PLACEHOLDER***
[92320:97472:2023-4-25 14:44:40.144] [param_query_local_path] path is: C:\Users\Aluno\AppData\Roaming\Zoom\ZoomDownload\ dir create response : 1 system error: 1008
[92320:97472:2023-4-25 14:44:40.144] [downloader_run] State:0
[92320:94988:2023-4-25 14:44:40.145] [process_requst] start, url:https://us02web.zoom.us/client/latest/Installer.exe?archType=x64
[92320:97472:2023-4-25 14:44:40.145] [client_has_installed_app] found path:
[92320:97472:2023-4-25 14:44:40.145]  ***NULL-POINTER-PLACEHOLDER***
[92320:94988:2023-4-25 14:44:40.755] [req_state_read_status_code] zHttpQueryInfo complete, status:200
[92320:94988:2023-4-25 14:44:40.755] [req_state_read_status_code] zHttpQueryInfo complete, status:200 Error: 0
[92320:94988:2023-4-25 14:44:40.992] [read_response_file] Status Code:200, content length: 1004352, total read: 1004352, error code: 0
[92320:94988:2023-4-25 14:44:40.996] [process_requst] End for url:https://us02web.zoom.us/client/latest/Installer.exe?archType=x64, return code:200, Error:0, Response content size:0
[92320:97472:2023-4-25 14:44:41.9] [handle_download_job_done] Index: 1 Curr index: 1 StatusCode: 200 Error: 0 Response is Empty. 
[92320:94988:2023-4-25 14:44:41.65] [process_requst] start, url:https://us02web.zoom.us/client/latest/Zoom.msi?archType=x64
[92320:94988:2023-4-25 14:44:41.485] [req_state_read_status_code] zHttpQueryInfo complete, status:200
[92320:94988:2023-4-25 14:44:41.485] [req_state_read_status_code] zHttpQueryInfo complete, status:200 Error: 0
[92320:97472:2023-4-25 14:44:44.0] [downloader_cancel] State:1
[92320:94988:2023-4-25 14:44:44.5] [read_response_file] Status Code:200, content length: 32278305, total read: 8224768, error code: 1011
[92320:94988:2023-4-25 14:44:44.13] [process_requst] End for url:https://us02web.zoom.us/client/latest/Zoom.msi?archType=x64, return code:200, Error:1011, Response content size:0
[92320:97472:2023-4-25 14:44:44.20] Main End
